[{"line":1,"elements":[{"line":6,"name":"","description":"","type":"background","keyword":"Background","steps":[{"result":{"duration":329614000,"status":"passed"},"line":7,"name":"the user is on the test application page","match":{"location":"com.automation.steps.CommonSteps.the_user_is_on_the_test_application_page()"},"keyword":"Given "}]},{"start_timestamp":"2025-06-28T06:02:54.560Z","before":[{"result":{"duration":2092377000,"status":"passed"},"match":{"location":"com.automation.steps.RegistrationSteps.setUp()"}},{"result":{"duration":1428758000,"status":"passed"},"match":{"location":"com.automation.steps.LoginSteps.setUp()"}}],"line":10,"name":"Successful login with valid credentials","description":"","id":"login-functionality;successful-login-with-valid-credentials","after":[{"result":{"duration":122546000,"status":"passed"},"match":{"location":"com.automation.steps.LoginSteps.tearDown()"}},{"result":{"duration":216000,"status":"passed"},"match":{"location":"com.automation.steps.RegistrationSteps.tearDown()"}}],"type":"scenario","keyword":"Scenario","steps":[{"result":{"duration":222999000,"status":"passed"},"line":11,"name":"the user enters login username \"testuser\"","match":{"arguments":[{"val":"\"testuser\"","offset":31}],"location":"com.automation.steps.LoginSteps.the_user_enters_login_username(java.lang.String)"},"keyword":"When "},{"result":{"duration":102823000,"status":"passed"},"line":12,"name":"the user enters login password \"password123\"","match":{"arguments":[{"val":"\"password123\"","offset":31}],"location":"com.automation.steps.LoginSteps.the_user_enters_login_password(java.lang.String)"},"keyword":"And "},{"result":{"duration":44472000,"status":"passed"},"line":13,"name":"the user clicks the login button","match":{"location":"com.automation.steps.LoginSteps.the_user_clicks_the_login_button()"},"keyword":"And "},{"result":{"duration":31626000,"status":"passed"},"line":14,"name":"the user should see login message \"Login successful!\"","match":{"arguments":[{"val":"\"Login successful!\"","offset":34}],"location":"com.automation.steps.LoginSteps.the_user_should_see_login_message(java.lang.String)"},"keyword":"Then "}],"tags":[{"name":"@positive"},{"name":"@login"}]},{"line":6,"name":"","description":"","type":"background","keyword":"Background","steps":[{"result":{"duration":159802000,"status":"passed"},"line":7,"name":"the user is on the test application page","match":{"location":"com.automation.steps.CommonSteps.the_user_is_on_the_test_application_page()"},"keyword":"Given "}]},{"start_timestamp":"2025-06-28T06:02:58.955Z","before":[{"result":{"duration":794749000,"status":"passed"},"match":{"location":"com.automation.steps.RegistrationSteps.setUp()"}},{"result":{"duration":1508996000,"status":"passed"},"match":{"location":"com.automation.steps.LoginSteps.setUp()"}}],"line":17,"name":"Failed login with invalid credentials","description":"","id":"login-functionality;failed-login-with-invalid-credentials","after":[{"result":{"duration":99525000,"status":"passed"},"match":{"location":"com.automation.steps.LoginSteps.tearDown()"}},{"result":{"duration":403000,"status":"passed"},"match":{"location":"com.automation.steps.RegistrationSteps.tearDown()"}}],"type":"scenario","keyword":"Scenario","steps":[{"result":{"duration":215484000,"status":"passed"},"line":18,"name":"the user enters login username \"invaliduser\"","match":{"arguments":[{"val":"\"invaliduser\"","offset":31}],"location":"com.automation.steps.LoginSteps.the_user_enters_login_username(java.lang.String)"},"keyword":"When "},{"result":{"duration":85876000,"status":"passed"},"line":19,"name":"the user enters login password \"wrongpassword\"","match":{"arguments":[{"val":"\"wrongpassword\"","offset":31}],"location":"com.automation.steps.LoginSteps.the_user_enters_login_password(java.lang.String)"},"keyword":"And "},{"result":{"duration":58353000,"status":"passed"},"line":20,"name":"the user clicks the login button","match":{"location":"com.automation.steps.LoginSteps.the_user_clicks_the_login_button()"},"keyword":"And "},{"result":{"duration":21848000,"status":"passed"},"line":21,"name":"the user should see login message \"Invalid credentials!\"","match":{"arguments":[{"val":"\"Invalid credentials!\"","offset":34}],"location":"com.automation.steps.LoginSteps.the_user_should_see_login_message(java.lang.String)"},"keyword":"Then "}],"tags":[{"name":"@negative"},{"name":"@login"}]}],"name":"Login Functionality","description":"  As a user\n  I want to be able to login to the application\n  So that I can access my account","id":"login-functionality","keyword":"Feature","uri":"file:src/test/resources/features/Login.feature","tags":[]},{"line":1,"elements":[{"line":6,"name":"","description":"","type":"background","keyword":"Background","steps":[{"result":{"duration":160346000,"status":"passed"},"line":7,"name":"the user is on the test application page","match":{"location":"com.automation.steps.CommonSteps.the_user_is_on_the_test_application_page()"},"keyword":"Given "}]},{"start_timestamp":"2025-06-28T06:03:01.916Z","before":[{"result":{"duration":719064000,"status":"passed"},"match":{"location":"com.automation.steps.RegistrationSteps.setUp()"}},{"result":{"duration":1211143000,"status":"passed"},"match":{"location":"com.automation.steps.LoginSteps.setUp()"}}],"line":10,"name":"Successful registration with valid data","description":"","id":"registration-functionality;successful-registration-with-valid-data","after":[{"result":{"duration":129436000,"status":"passed"},"match":{"location":"com.automation.steps.LoginSteps.tearDown()"}},{"result":{"duration":926000,"status":"passed"},"match":{"location":"com.automation.steps.RegistrationSteps.tearDown()"}}],"type":"scenario","keyword":"Scenario","steps":[{"result":{"error_message":"java.lang.RuntimeException: Failed to click register tab\n\tat com.automation.steps.RegistrationSteps.the_user_clicks_on_the_register_tab(RegistrationSteps.java:38)\n\tat ✽.the user clicks on the register tab(file:///Users/surenpalani/Documents/RaniProjectTraining/src/test/resources/features/Registration.feature:11)\nCaused by: java.lang.RuntimeException: Failed to click Register tab\n\tat com.automation.pages.RegistrationPage.clickRegisterTab(RegistrationPage.java:56)\n\tat com.automation.steps.RegistrationSteps.the_user_clicks_on_the_register_tab(RegistrationSteps.java:35)\n\tat java.base/jdk.internal.reflect.DirectMethodHandleAccessor.invoke(DirectMethodHandleAccessor.java:104)\n\tat java.base/java.lang.reflect.Method.invoke(Method.java:565)\n\tat io.cucumber.java.Invoker.doInvoke(Invoker.java:66)\n\tat io.cucumber.java.Invoker.invoke(Invoker.java:24)\n\tat io.cucumber.java.AbstractGlueDefinition.invokeMethod(AbstractGlueDefinition.java:47)\n\tat io.cucumber.java.JavaStepDefinition.execute(JavaStepDefinition.java:29)\n\tat io.cucumber.core.runner.CoreStepDefinition.execute(CoreStepDefinition.java:66)\n\tat io.cucumber.core.runner.PickleStepDefinitionMatch.runStep(PickleStepDefinitionMatch.java:63)\n\tat io.cucumber.core.runner.ExecutionMode$1.execute(ExecutionMode.java:10)\n\tat io.cucumber.core.runner.TestStep.executeStep(TestStep.java:84)\n\tat io.cucumber.core.runner.TestStep.run(TestStep.java:56)\n\tat io.cucumber.core.runner.PickleStepTestStep.run(PickleStepTestStep.java:51)\n\tat io.cucumber.core.runner.TestCase.run(TestCase.java:84)\n\tat io.cucumber.core.runner.Runner.runPickle(Runner.java:75)\n\tat io.cucumber.testng.TestNGCucumberRunner.lambda$runScenario$1(TestNGCucumberRunner.java:132)\n\tat io.cucumber.core.runtime.CucumberExecutionContext.lambda$runTestCase$5(CucumberExecutionContext.java:130)\n\tat io.cucumber.core.runtime.RethrowingThrowableCollector.executeAndThrow(RethrowingThrowableCollector.java:23)\n\tat io.cucumber.core.runtime.CucumberExecutionContext.runTestCase(CucumberExecutionContext.java:130)\n\tat io.cucumber.testng.TestNGCucumberRunner.runScenario(TestNGCucumberRunner.java:129)\n\tat io.cucumber.testng.AbstractTestNGCucumberTests.runScenario(AbstractTestNGCucumberTests.java:35)\n\tat java.base/jdk.internal.reflect.DirectMethodHandleAccessor.invoke(DirectMethodHandleAccessor.java:104)\n\tat java.base/java.lang.reflect.Method.invoke(Method.java:565)\n\tat org.testng.internal.invokers.MethodInvocationHelper.invokeMethod(MethodInvocationHelper.java:139)\n\tat org.testng.internal.invokers.TestInvoker.invokeMethod(TestInvoker.java:677)\n\tat org.testng.internal.invokers.TestInvoker.invokeTestMethod(TestInvoker.java:221)\n\tat org.testng.internal.invokers.MethodRunner.runInSequence(MethodRunner.java:50)\n\tat org.testng.internal.invokers.TestInvoker$MethodInvocationAgent.invoke(TestInvoker.java:969)\n\tat org.testng.internal.invokers.TestInvoker.invokeTestMethods(TestInvoker.java:194)\n\tat org.testng.internal.invokers.TestMethodWorker.invokeTestMethods(TestMethodWorker.java:148)\n\tat org.testng.internal.invokers.TestMethodWorker.run(TestMethodWorker.java:128)\n\tat java.base/java.util.ArrayList.forEach(ArrayList.java:1604)\n\tat org.testng.TestRunner.privateRun(TestRunner.java:829)\n\tat org.testng.TestRunner.run(TestRunner.java:602)\n\tat org.testng.SuiteRunner.runTest(SuiteRunner.java:437)\n\tat org.testng.SuiteRunner.runSequentially(SuiteRunner.java:431)\n\tat org.testng.SuiteRunner.privateRun(SuiteRunner.java:391)\n\tat org.testng.SuiteRunner.run(SuiteRunner.java:330)\n\tat org.testng.SuiteRunnerWorker.runSuite(SuiteRunnerWorker.java:52)\n\tat org.testng.SuiteRunnerWorker.run(SuiteRunnerWorker.java:95)\n\tat org.testng.TestNG.runSuitesSequentially(TestNG.java:1256)\n\tat org.testng.TestNG.runSuitesLocally(TestNG.java:1176)\n\tat org.testng.TestNG.runSuites(TestNG.java:1099)\n\tat org.testng.TestNG.run(TestNG.java:1067)\n\tat org.apache.maven.surefire.testng.TestNGExecutor.run(TestNGExecutor.java:308)\n\tat org.apache.maven.surefire.testng.TestNGXmlTestSuite.execute(TestNGXmlTestSuite.java:71)\n\tat org.apache.maven.surefire.testng.TestNGProvider.invoke(TestNGProvider.java:113)\n\tat org.apache.maven.surefire.booter.ForkedBooter.runSuitesInProcess(ForkedBooter.java:385)\n\tat org.apache.maven.surefire.booter.ForkedBooter.execute(ForkedBooter.java:162)\n\tat org.apache.maven.surefire.booter.ForkedBooter.run(ForkedBooter.java:507)\n\tat org.apache.maven.surefire.booter.ForkedBooter.main(ForkedBooter.java:495)\nCaused by: org.openqa.selenium.TimeoutException: Expected condition failed: waiting for presence of element located by: By.xpath: //div[contains(@class, 'nav-tab') and normalize-space(text())='Register'] (tried for 10 second(s) with 500 milliseconds interval)\n\tat org.openqa.selenium.support.ui.WebDriverWait.timeoutException(WebDriverWait.java:84)\n\tat org.openqa.selenium.support.ui.FluentWait.until(FluentWait.java:228)\n\tat com.automation.pages.RegistrationPage.clickRegisterTab(RegistrationPage.java:37)\n\t... 51 more\nCaused by: org.openqa.selenium.NoSuchElementException: no such element: Unable to locate element: {\"method\":\"xpath\",\"selector\":\"//div[contains(@class, 'nav-tab') and normalize-space(text())='Register']\"}\n  (Session info: chrome=138.0.7204.49)\nFor documentation on this error, please visit: https://www.selenium.dev/documentation/webdriver/troubleshooting/errors#no-such-element-exception\nBuild info: version: '4.21.0', revision: '79ed462ef4'\nSystem info: os.name: 'Mac OS X', os.arch: 'aarch64', os.version: '15.2', java.version: '24.0.1'\nDriver info: org.openqa.selenium.chrome.ChromeDriver\nCommand: [f4319c6d26ec498c770d7be0d28dd260, findElement {value=//div[contains(@class, 'nav-tab') and normalize-space(text())='Register'], using=xpath}]\nCapabilities {acceptInsecureCerts: false, browserName: chrome, browserVersion: 138.0.7204.49, chrome: {chromedriverVersion: 138.0.7204.49 (d2b48fd5f781..., userDataDir: /var/folders/2f/bjlbnq7j40q...}, fedcm:accounts: true, goog:chromeOptions: {debuggerAddress: localhost:57346}, networkConnectionEnabled: false, pageLoadStrategy: normal, platformName: mac, proxy: Proxy(), se:cdp: ws://localhost:57346/devtoo..., se:cdpVersion: 138.0.7204.49, setWindowRect: true, strictFileInteractability: false, timeouts: {implicit: 0, pageLoad: 300000, script: 30000}, unhandledPromptBehavior: dismiss and notify, webauthn:extension:credBlob: true, webauthn:extension:largeBlob: true, webauthn:extension:minPinLength: true, webauthn:extension:prf: true, webauthn:virtualAuthenticators: true}\nSession ID: f4319c6d26ec498c770d7be0d28dd260\n\tat java.base/jdk.internal.reflect.DirectConstructorHandleAccessor.newInstance(DirectConstructorHandleAccessor.java:62)\n\tat java.base/java.lang.reflect.Constructor.newInstanceWithCaller(Constructor.java:499)\n\tat java.base/java.lang.reflect.Constructor.newInstance(Constructor.java:483)\n\tat org.openqa.selenium.remote.ErrorCodec.decode(ErrorCodec.java:167)\n\tat org.openqa.selenium.remote.codec.w3c.W3CHttpResponseCodec.decode(W3CHttpResponseCodec.java:138)\n\tat org.openqa.selenium.remote.codec.w3c.W3CHttpResponseCodec.decode(W3CHttpResponseCodec.java:50)\n\tat org.openqa.selenium.remote.HttpCommandExecutor.execute(HttpCommandExecutor.java:190)\n\tat org.openqa.selenium.remote.service.DriverCommandExecutor.invokeExecute(DriverCommandExecutor.java:216)\n\tat org.openqa.selenium.remote.service.DriverCommandExecutor.execute(DriverCommandExecutor.java:174)\n\tat org.openqa.selenium.remote.RemoteWebDriver.execute(RemoteWebDriver.java:518)\n\tat org.openqa.selenium.remote.ElementLocation$ElementFinder$2.findElement(ElementLocation.java:165)\n\tat org.openqa.selenium.remote.ElementLocation.findElement(ElementLocation.java:59)\n\tat org.openqa.selenium.remote.RemoteWebDriver.findElement(RemoteWebDriver.java:355)\n\tat org.openqa.selenium.remote.RemoteWebDriver.findElement(RemoteWebDriver.java:349)\n\tat org.openqa.selenium.support.ui.ExpectedConditions$6.apply(ExpectedConditions.java:171)\n\tat org.openqa.selenium.support.ui.ExpectedConditions$6.apply(ExpectedConditions.java:168)\n\tat org.openqa.selenium.support.ui.FluentWait.until(FluentWait.java:203)\n\t... 52 more\n","duration":11271985000,"status":"failed"},"line":11,"name":"the user clicks on the register tab","match":{"location":"com.automation.steps.RegistrationSteps.the_user_clicks_on_the_register_tab()"},"keyword":"When "},{"result":{"duration":57000,"status":"skipped"},"line":12,"name":"the user enters full name \"John Doe\"","match":{"arguments":[{"val":"\"John Doe\"","offset":26}],"location":"com.automation.steps.RegistrationSteps.the_user_enters_full_name(java.lang.String)"},"keyword":"And "},{"result":{"duration":24000,"status":"skipped"},"line":13,"name":"the user enters email \"john.doe@example.com\"","match":{"arguments":[{"val":"\"john.doe@example.com\"","offset":22}],"location":"com.automation.steps.RegistrationSteps.the_user_enters_email(java.lang.String)"},"keyword":"And "},{"result":{"duration":25000,"status":"skipped"},"line":14,"name":"the user enters registration username \"johndoe\"","match":{"arguments":[{"val":"\"johndoe\"","offset":38}],"location":"com.automation.steps.RegistrationSteps.the_user_enters_registration_username(java.lang.String)"},"keyword":"And "},{"result":{"duration":28000,"status":"skipped"},"line":15,"name":"the user enters registration password \"password123\"","match":{"arguments":[{"val":"\"password123\"","offset":38}],"location":"com.automation.steps.RegistrationSteps.the_user_enters_registration_password(java.lang.String)"},"keyword":"And "},{"result":{"duration":22000,"status":"skipped"},"line":16,"name":"the user clicks the register button","match":{"location":"com.automation.steps.RegistrationSteps.the_user_clicks_the_register_button()"},"keyword":"And "},{"result":{"duration":20000,"status":"skipped"},"line":17,"name":"the user should see registration message \"Registration successful!\"","match":{"arguments":[{"val":"\"Registration successful!\"","offset":41}],"location":"com.automation.steps.RegistrationSteps.the_user_should_see_registration_message(java.lang.String)"},"keyword":"Then "}],"tags":[{"name":"@positive"},{"name":"@registration"}]},{"line":6,"name":"","description":"","type":"background","keyword":"Background","steps":[{"result":{"duration":487599000,"status":"passed"},"line":7,"name":"the user is on the test application page","match":{"location":"com.automation.steps.CommonSteps.the_user_is_on_the_test_application_page()"},"keyword":"Given "}]},{"start_timestamp":"2025-06-28T06:03:15.474Z","before":[{"result":{"duration":1006054000,"status":"passed"},"match":{"location":"com.automation.steps.RegistrationSteps.setUp()"}},{"result":{"duration":1412982000,"status":"passed"},"match":{"location":"com.automation.steps.LoginSteps.setUp()"}}],"line":20,"name":"Failed registration with empty fields","description":"","id":"registration-functionality;failed-registration-with-empty-fields","after":[{"result":{"duration":86305000,"status":"passed"},"match":{"location":"com.automation.steps.LoginSteps.tearDown()"}},{"result":{"duration":917000,"status":"passed"},"match":{"location":"com.automation.steps.RegistrationSteps.tearDown()"}}],"type":"scenario","keyword":"Scenario","steps":[{"result":{"error_message":"java.lang.RuntimeException: Failed to click register tab\n\tat com.automation.steps.RegistrationSteps.the_user_clicks_on_the_register_tab(RegistrationSteps.java:38)\n\tat ✽.the user clicks on the register tab(file:///Users/surenpalani/Documents/RaniProjectTraining/src/test/resources/features/Registration.feature:21)\nCaused by: java.lang.RuntimeException: Failed to click Register tab\n\tat com.automation.pages.RegistrationPage.clickRegisterTab(RegistrationPage.java:56)\n\tat com.automation.steps.RegistrationSteps.the_user_clicks_on_the_register_tab(RegistrationSteps.java:35)\n\tat java.base/jdk.internal.reflect.DirectMethodHandleAccessor.invoke(DirectMethodHandleAccessor.java:104)\n\tat java.base/java.lang.reflect.Method.invoke(Method.java:565)\n\tat io.cucumber.java.Invoker.doInvoke(Invoker.java:66)\n\tat io.cucumber.java.Invoker.invoke(Invoker.java:24)\n\tat io.cucumber.java.AbstractGlueDefinition.invokeMethod(AbstractGlueDefinition.java:47)\n\tat io.cucumber.java.JavaStepDefinition.execute(JavaStepDefinition.java:29)\n\tat io.cucumber.core.runner.CoreStepDefinition.execute(CoreStepDefinition.java:66)\n\tat io.cucumber.core.runner.PickleStepDefinitionMatch.runStep(PickleStepDefinitionMatch.java:63)\n\tat io.cucumber.core.runner.ExecutionMode$1.execute(ExecutionMode.java:10)\n\tat io.cucumber.core.runner.TestStep.executeStep(TestStep.java:84)\n\tat io.cucumber.core.runner.TestStep.run(TestStep.java:56)\n\tat io.cucumber.core.runner.PickleStepTestStep.run(PickleStepTestStep.java:51)\n\tat io.cucumber.core.runner.TestCase.run(TestCase.java:84)\n\tat io.cucumber.core.runner.Runner.runPickle(Runner.java:75)\n\tat io.cucumber.testng.TestNGCucumberRunner.lambda$runScenario$1(TestNGCucumberRunner.java:132)\n\tat io.cucumber.core.runtime.CucumberExecutionContext.lambda$runTestCase$5(CucumberExecutionContext.java:130)\n\tat io.cucumber.core.runtime.RethrowingThrowableCollector.executeAndThrow(RethrowingThrowableCollector.java:23)\n\tat io.cucumber.core.runtime.CucumberExecutionContext.runTestCase(CucumberExecutionContext.java:130)\n\tat io.cucumber.testng.TestNGCucumberRunner.runScenario(TestNGCucumberRunner.java:129)\n\tat io.cucumber.testng.AbstractTestNGCucumberTests.runScenario(AbstractTestNGCucumberTests.java:35)\n\tat java.base/jdk.internal.reflect.DirectMethodHandleAccessor.invoke(DirectMethodHandleAccessor.java:104)\n\tat java.base/java.lang.reflect.Method.invoke(Method.java:565)\n\tat org.testng.internal.invokers.MethodInvocationHelper.invokeMethod(MethodInvocationHelper.java:139)\n\tat org.testng.internal.invokers.TestInvoker.invokeMethod(TestInvoker.java:677)\n\tat org.testng.internal.invokers.TestInvoker.invokeTestMethod(TestInvoker.java:221)\n\tat org.testng.internal.invokers.MethodRunner.runInSequence(MethodRunner.java:50)\n\tat org.testng.internal.invokers.TestInvoker$MethodInvocationAgent.invoke(TestInvoker.java:969)\n\tat org.testng.internal.invokers.TestInvoker.invokeTestMethods(TestInvoker.java:194)\n\tat org.testng.internal.invokers.TestMethodWorker.invokeTestMethods(TestMethodWorker.java:148)\n\tat org.testng.internal.invokers.TestMethodWorker.run(TestMethodWorker.java:128)\n\tat java.base/java.util.ArrayList.forEach(ArrayList.java:1604)\n\tat org.testng.TestRunner.privateRun(TestRunner.java:829)\n\tat org.testng.TestRunner.run(TestRunner.java:602)\n\tat org.testng.SuiteRunner.runTest(SuiteRunner.java:437)\n\tat org.testng.SuiteRunner.runSequentially(SuiteRunner.java:431)\n\tat org.testng.SuiteRunner.privateRun(SuiteRunner.java:391)\n\tat org.testng.SuiteRunner.run(SuiteRunner.java:330)\n\tat org.testng.SuiteRunnerWorker.runSuite(SuiteRunnerWorker.java:52)\n\tat org.testng.SuiteRunnerWorker.run(SuiteRunnerWorker.java:95)\n\tat org.testng.TestNG.runSuitesSequentially(TestNG.java:1256)\n\tat org.testng.TestNG.runSuitesLocally(TestNG.java:1176)\n\tat org.testng.TestNG.runSuites(TestNG.java:1099)\n\tat org.testng.TestNG.run(TestNG.java:1067)\n\tat org.apache.maven.surefire.testng.TestNGExecutor.run(TestNGExecutor.java:308)\n\tat org.apache.maven.surefire.testng.TestNGXmlTestSuite.execute(TestNGXmlTestSuite.java:71)\n\tat org.apache.maven.surefire.testng.TestNGProvider.invoke(TestNGProvider.java:113)\n\tat org.apache.maven.surefire.booter.ForkedBooter.runSuitesInProcess(ForkedBooter.java:385)\n\tat org.apache.maven.surefire.booter.ForkedBooter.execute(ForkedBooter.java:162)\n\tat org.apache.maven.surefire.booter.ForkedBooter.run(ForkedBooter.java:507)\n\tat org.apache.maven.surefire.booter.ForkedBooter.main(ForkedBooter.java:495)\nCaused by: org.openqa.selenium.TimeoutException: Expected condition failed: waiting for presence of element located by: By.xpath: //div[contains(@class, 'nav-tab') and normalize-space(text())='Register'] (tried for 10 second(s) with 500 milliseconds interval)\n\tat org.openqa.selenium.support.ui.WebDriverWait.timeoutException(WebDriverWait.java:84)\n\tat org.openqa.selenium.support.ui.FluentWait.until(FluentWait.java:228)\n\tat com.automation.pages.RegistrationPage.clickRegisterTab(RegistrationPage.java:37)\n\t... 51 more\nCaused by: org.openqa.selenium.NoSuchElementException: no such element: Unable to locate element: {\"method\":\"xpath\",\"selector\":\"//div[contains(@class, 'nav-tab') and normalize-space(text())='Register']\"}\n  (Session info: chrome=138.0.7204.49)\nFor documentation on this error, please visit: https://www.selenium.dev/documentation/webdriver/troubleshooting/errors#no-such-element-exception\nBuild info: version: '4.21.0', revision: '79ed462ef4'\nSystem info: os.name: 'Mac OS X', os.arch: 'aarch64', os.version: '15.2', java.version: '24.0.1'\nDriver info: org.openqa.selenium.chrome.ChromeDriver\nCommand: [24b7a51b485bd783f859851f41fcbeeb, findElement {value=//div[contains(@class, 'nav-tab') and normalize-space(text())='Register'], using=xpath}]\nCapabilities {acceptInsecureCerts: false, browserName: chrome, browserVersion: 138.0.7204.49, chrome: {chromedriverVersion: 138.0.7204.49 (d2b48fd5f781..., userDataDir: /var/folders/2f/bjlbnq7j40q...}, fedcm:accounts: true, goog:chromeOptions: {debuggerAddress: localhost:57454}, networkConnectionEnabled: false, pageLoadStrategy: normal, platformName: mac, proxy: Proxy(), se:cdp: ws://localhost:57454/devtoo..., se:cdpVersion: 138.0.7204.49, setWindowRect: true, strictFileInteractability: false, timeouts: {implicit: 0, pageLoad: 300000, script: 30000}, unhandledPromptBehavior: dismiss and notify, webauthn:extension:credBlob: true, webauthn:extension:largeBlob: true, webauthn:extension:minPinLength: true, webauthn:extension:prf: true, webauthn:virtualAuthenticators: true}\nSession ID: 24b7a51b485bd783f859851f41fcbeeb\n\tat java.base/jdk.internal.reflect.DirectConstructorHandleAccessor.newInstance(DirectConstructorHandleAccessor.java:62)\n\tat java.base/java.lang.reflect.Constructor.newInstanceWithCaller(Constructor.java:499)\n\tat java.base/java.lang.reflect.Constructor.newInstance(Constructor.java:483)\n\tat org.openqa.selenium.remote.ErrorCodec.decode(ErrorCodec.java:167)\n\tat org.openqa.selenium.remote.codec.w3c.W3CHttpResponseCodec.decode(W3CHttpResponseCodec.java:138)\n\tat org.openqa.selenium.remote.codec.w3c.W3CHttpResponseCodec.decode(W3CHttpResponseCodec.java:50)\n\tat org.openqa.selenium.remote.HttpCommandExecutor.execute(HttpCommandExecutor.java:190)\n\tat org.openqa.selenium.remote.service.DriverCommandExecutor.invokeExecute(DriverCommandExecutor.java:216)\n\tat org.openqa.selenium.remote.service.DriverCommandExecutor.execute(DriverCommandExecutor.java:174)\n\tat org.openqa.selenium.remote.RemoteWebDriver.execute(RemoteWebDriver.java:518)\n\tat org.openqa.selenium.remote.ElementLocation$ElementFinder$2.findElement(ElementLocation.java:165)\n\tat org.openqa.selenium.remote.ElementLocation.findElement(ElementLocation.java:59)\n\tat org.openqa.selenium.remote.RemoteWebDriver.findElement(RemoteWebDriver.java:355)\n\tat org.openqa.selenium.remote.RemoteWebDriver.findElement(RemoteWebDriver.java:349)\n\tat org.openqa.selenium.support.ui.ExpectedConditions$6.apply(ExpectedConditions.java:171)\n\tat org.openqa.selenium.support.ui.ExpectedConditions$6.apply(ExpectedConditions.java:168)\n\tat org.openqa.selenium.support.ui.FluentWait.until(FluentWait.java:203)\n\t... 52 more\n","duration":11327961000,"status":"failed"},"line":21,"name":"the user clicks on the register tab","match":{"location":"com.automation.steps.RegistrationSteps.the_user_clicks_on_the_register_tab()"},"keyword":"When "},{"result":{"duration":48000,"status":"skipped"},"line":22,"name":"the user enters full name \"\"","match":{"arguments":[{"val":"\"\"","offset":26}],"location":"com.automation.steps.RegistrationSteps.the_user_enters_full_name(java.lang.String)"},"keyword":"And "},{"result":{"duration":27000,"status":"skipped"},"line":23,"name":"the user enters email \"\"","match":{"arguments":[{"val":"\"\"","offset":22}],"location":"com.automation.steps.RegistrationSteps.the_user_enters_email(java.lang.String)"},"keyword":"And "},{"result":{"duration":24000,"status":"skipped"},"line":24,"name":"the user enters registration username \"\"","match":{"arguments":[{"val":"\"\"","offset":38}],"location":"com.automation.steps.RegistrationSteps.the_user_enters_registration_username(java.lang.String)"},"keyword":"And "},{"result":{"duration":32000,"status":"skipped"},"line":25,"name":"the user enters registration password \"\"","match":{"arguments":[{"val":"\"\"","offset":38}],"location":"com.automation.steps.RegistrationSteps.the_user_enters_registration_password(java.lang.String)"},"keyword":"And "},{"result":{"duration":22000,"status":"skipped"},"line":26,"name":"the user clicks the register button","match":{"location":"com.automation.steps.RegistrationSteps.the_user_clicks_the_register_button()"},"keyword":"And "},{"result":{"duration":24000,"status":"skipped"},"line":27,"name":"the user should see registration message \"Please fill all fields!\"","match":{"arguments":[{"val":"\"Please fill all fields!\"","offset":41}],"location":"com.automation.steps.RegistrationSteps.the_user_should_see_registration_message(java.lang.String)"},"keyword":"Then "}],"tags":[{"name":"@negative"},{"name":"@registration"}]}],"name":"Registration Functionality","description":"  As a new user\n  I want to be able to register for a new account\n  So that I can create my profile","id":"registration-functionality","keyword":"Feature","uri":"file:src/test/resources/features/Registration.feature","tags":[]}]